\BOOKMARK [1][-]{section.1}{\376\377\173\054\116\000\226\216\153\265\000:\000\040\170\154\232\324}{}% 1
\BOOKMARK [2][-]{subsection.1.1}{\376\377\175\104\210\335\134\015\153\143\202\007\134\015\161\046}{section.1}% 2
\BOOKMARK [3][-]{subsubsection.1.1.1}{\376\377\134\015\161\046}{subsection.1.1}% 3
\BOOKMARK [2][-]{subsection.1.2}{\376\377\000O\000r\000d\000e\000r\000\040\000B\000l\000o\000c\000k\000i\000n\000g\000\040\000F\000i\000l\000t\000e\000r}{section.1}% 4
\BOOKMARK [1][-]{section.2}{\376\377\173\054\116\000\226\216\153\265\000:\000\040\216\337\232\324}{}% 5
\BOOKMARK [2][-]{subsection.2.1}{\376\377\116\011\175\255\137\161\120\317\166\204\136\372\172\313}{section.2}% 6
\BOOKMARK [2][-]{subsection.2.2}{\376\377\137\161\120\317\121\062\133\130}{section.2}% 7
\BOOKMARK [2][-]{subsection.2.3}{\376\377\136\247\152\031\150\041\153\143}{section.2}% 8
\BOOKMARK [3][-]{subsubsection.2.3.1}{\376\377\172\172\225\223\000x\216\370\150\041\153\143}{subsection.2.3}% 9
\BOOKMARK [3][-]{subsubsection.2.3.2}{\376\377\172\172\225\223\000y\216\370\150\041\153\143}{subsection.2.3}% 10
\BOOKMARK [3][-]{subsubsection.2.3.3}{\376\377\154\342\225\167\216\370\000\050\000z\000\051\150\041\153\143}{subsection.2.3}% 11
\BOOKMARK [1][-]{section.3}{\376\377\173\054\116\214\226\216\153\265\000:\000\040\170\154\232\324}{}% 12
\BOOKMARK [2][-]{subsection.3.1}{\376\377\000G\000a\000l\000v\000o}{section.3}% 13
\BOOKMARK [2][-]{subsection.3.2}{\376\377\161\147\146\016}{section.3}% 14
\BOOKMARK [3][-]{subsubsection.3.2.1}{\376\377\147\000\232\330\116\256\136\246\060\001\123\057\200\132\145\274\200\314\161\046\227\142}{subsection.3.2}% 15
\BOOKMARK [3][-]{subsubsection.3.2.2}{\376\377\147\000\232\330\116\256\136\246\060\001\116\015\123\057\200\132\145\274\200\314\161\046\227\142}{subsection.3.2}% 16
\BOOKMARK [3][-]{subsubsection.3.2.3}{\376\377\217\003\117\116\116\256\136\246\060\001\123\057\200\132\145\274\200\314\161\046\227\142}{subsection.3.2}% 17
\BOOKMARK [1][-]{section.4}{\376\377\226\373\122\325\217\011\123\360\166\204\144\315\143\247}{}% 18
\BOOKMARK [1][-]{section.5}{\376\377\173\054\116\214\226\216\153\265\000:\000\040\216\337\232\324}{}% 19
\BOOKMARK [2][-]{subsection.5.1}{\376\377\117\177\165\050\200\005\116\313\227\142\202\007\122\237\200\375}{section.5}% 20
\BOOKMARK [3][-]{subsubsection.5.1.1}{\376\377\000R\000O\000I\150\106\123\326}{subsection.5.1}% 21
\BOOKMARK [3][-]{subsubsection.5.1.2}{\376\377\200\314\146\157\000/\123\303\200\003\121\111\213\134}{subsection.5.1}% 22
\BOOKMARK [2][-]{subsection.5.2}{\376\377\000.\000i\000n\000i\000t\152\224}{section.5}% 23
\BOOKMARK [2][-]{subsection.5.3}{\376\377\216\337\232\324\175\120\151\313\212\277\145\164}{section.5}% 24
\BOOKMARK [1][-]{section.6}{\376\377\143\203\143\317\220\037\136\246}{}% 25
\BOOKMARK [2][-]{subsection.6.1}{\376\377\143\203\143\317\217\364\127\010}{section.6}% 26
\BOOKMARK [2][-]{subsection.6.2}{\376\377\220\037\136\246\143\320\123\107}{section.6}% 27
\BOOKMARK [3][-]{subsubsection.6.2.1}{\376\377\226\373\122\325\217\011\201\372\173\111\137\205\146\102\225\223}{subsection.6.2}% 28
\BOOKMARK [3][-]{subsubsection.6.2.2}{\376\377\000i\000X\000o\000n\144\367\123\326\137\161\120\317\214\307\145\231\166\204\173\111\137\205\146\102\225\223}{subsection.6.2}% 29
\BOOKMARK [3][-]{subsubsection.6.2.3}{\376\377\167\351\226\143\143\245\124\010\202\007\145\313\217\111}{subsection.6.2}% 30
\BOOKMARK [1][-]{section.7}{\376\377\173\054\116\011\226\216\153\265\000:\000\040\216\337\232\324}{}% 31
\BOOKMARK [2][-]{subsection.7.1}{\376\377\137\161\120\317\152\224\150\110\213\200\123\326\202\007\220\062\226\216\133\130\152\224}{section.7}% 32
\BOOKMARK [2][-]{subsection.7.2}{\376\377\121\111\213\134\160\017\211\275}{section.7}% 33
\BOOKMARK [1][-]{section.8}{\376\377\135\362\167\345\125\117\230\114}{}% 34
